<?xml version="1.0" encoding="UTF-8" standalone="no"?>
<testsuite errors="0" failures="0" name="io.cucumber.core.plugin.JUnitFormatter" skipped="0" tests="2" time="50.958">
    <testcase classname="Flipkart Search Functionality" name="User should able to get Wire Headphones page" time="29.932">
        <system-out><![CDATA[Given Go to: "https://www.flipkart.com/"....................................passed
When user find Wire Headphones and click it.................................passed
Then Verify user on Wire Headphones page....................................passed
]]></system-out>
    </testcase>
    <testcase classname="Flipkart Search Functionality" name="User should be able locate t-shirts on the search box" time="20.942">
        <system-out><![CDATA[Given Go to: "https://www.flipkart.com/"....................................passed
When click on the search box................................................passed
And choose t-shirts on search list..........................................passed
Then Verify user on "T Shirts" page.........................................passed
]]></system-out>
    </testcase>
</testsuite>
